TN:
SF:src/database.ts
FN:13,(anonymous_0)
FNF:1
FNH:0
FNDA:0,(anonymous_0)
DA:1,0
DA:4,0
DA:13,0
DA:14,0
DA:15,0
DA:16,0
DA:17,0
DA:19,0
DA:20,0
LF:9
LH:0
BRDA:9,0,0,0
BRDA:9,0,1,0
BRF:2
BRH:0
end_of_record
TN:
SF:src/controllers/test-strip-controller.ts
FN:11,(anonymous_0)
FN:84,(anonymous_1)
FN:110,(anonymous_2)
FNF:3
FNH:0
FNDA:0,(anonymous_0)
FNDA:0,(anonymous_1)
FNDA:0,(anonymous_2)
DA:2,0
DA:3,0
DA:6,0
DA:12,0
DA:13,0
DA:14,0
DA:15,0
DA:19,0
DA:20,0
DA:21,0
DA:22,0
DA:25,0
DA:26,0
DA:29,0
DA:35,0
DA:38,0
DA:39,0
DA:40,0
DA:41,0
DA:42,0
DA:43,0
DA:44,0
DA:45,0
DA:46,0
DA:50,0
DA:61,0
DA:70,0
DA:72,0
DA:73,0
DA:85,0
DA:87,0
DA:88,0
DA:89,0
DA:91,0
DA:94,0
DA:96,0
DA:98,0
DA:99,0
DA:111,0
DA:112,0
DA:116,0
DA:117,0
DA:118,0
DA:119,0
DA:122,0
DA:124,0
DA:125,0
DA:126,0
DA:130,0
DA:144,0
DA:146,0
DA:147,0
LF:52
LH:0
BRDA:13,0,0,0
BRDA:13,0,1,0
BRDA:20,1,0,0
BRDA:20,1,1,0
BRDA:38,2,0,0
BRDA:38,2,1,0
BRDA:41,3,0,0
BRDA:41,3,1,0
BRDA:43,4,0,0
BRDA:43,4,1,0
BRDA:45,5,0,0
BRDA:45,5,1,0
BRDA:75,6,0,0
BRDA:75,6,1,0
BRDA:87,7,0,0
BRDA:87,7,1,0
BRDA:88,8,0,0
BRDA:88,8,1,0
BRDA:101,9,0,0
BRDA:101,9,1,0
BRDA:117,10,0,0
BRDA:117,10,1,0
BRDA:124,11,0,0
BRDA:124,11,1,0
BRDA:133,12,0,0
BRDA:133,12,1,0
BRDA:137,13,0,0
BRDA:137,13,1,0
BRDA:139,14,0,0
BRDA:139,14,1,0
BRDA:149,15,0,0
BRDA:149,15,1,0
BRF:32
BRH:0
end_of_record
TN:
SF:src/middleware/error-handler.ts
FN:7,(anonymous_0)
FN:17,(anonymous_1)
FN:58,(anonymous_2)
FN:59,(anonymous_3)
FN:65,(anonymous_4)
FNF:5
FNH:0
FNDA:0,(anonymous_0)
FNDA:0,(anonymous_1)
FNDA:0,(anonymous_2)
FNDA:0,(anonymous_3)
FNDA:0,(anonymous_4)
DA:3,0
DA:8,0
DA:9,0
DA:10,0
DA:12,0
DA:17,0
DA:23,0
DA:26,0
DA:37,0
DA:38,0
DA:45,0
DA:46,0
DA:50,0
DA:58,0
DA:59,0
DA:60,0
DA:65,0
DA:66,0
LF:18
LH:0
BRDA:23,0,0,0
BRDA:23,0,1,0
BRDA:37,1,0,0
BRDA:37,1,1,0
BRDA:45,2,0,0
BRDA:45,2,1,0
BRF:6
BRH:0
end_of_record
TN:
SF:src/middleware/upload.ts
FN:8,(anonymous_1)
FN:11,(anonymous_2)
FN:18,(anonymous_3)
FNF:3
FNH:0
FNDA:0,(anonymous_1)
FNDA:0,(anonymous_2)
FNDA:0,(anonymous_3)
DA:1,0
DA:2,0
DA:4,0
DA:7,0
DA:9,0
DA:12,0
DA:13,0
DA:18,0
DA:23,0
DA:25,0
DA:26,0
DA:28,0
DA:33,0
DA:43,0
LF:14
LH:0
BRDA:25,0,0,0
BRDA:25,0,1,0
BRF:2
BRH:0
end_of_record
TN:
SF:src/models/test-strip-model.ts
FN:11,(anonymous_0)
FN:41,(anonymous_1)
FN:47,(anonymous_2)
FN:78,(anonymous_3)
FN:100,(anonymous_4)
FN:105,(anonymous_5)
FN:108,(anonymous_6)
FN:111,(anonymous_7)
FNF:8
FNH:8
FNDA:3,(anonymous_0)
FNDA:3,(anonymous_1)
FNDA:4,(anonymous_2)
FNDA:6,(anonymous_3)
FNDA:5,(anonymous_4)
FNDA:9,(anonymous_5)
FNDA:7,(anonymous_6)
FNDA:7,(anonymous_7)
DA:1,1
DA:10,1
DA:20,3
DA:27,3
DA:37,3
DA:38,2
DA:42,3
DA:43,3
DA:44,2
DA:51,4
DA:52,4
DA:53,3
DA:56,3
DA:73,3
DA:78,6
DA:89,3
DA:104,5
DA:105,9
DA:107,5
DA:108,7
DA:110,5
DA:111,7
DA:114,5
DA:121,5
DA:122,4
LF:25
LH:25
BRDA:44,0,0,2
BRDA:44,0,1,1
BRDA:83,1,0,1
BRDA:83,1,1,5
BRDA:105,2,0,9
BRDA:105,2,1,8
BRDA:122,3,0,4
BRDA:122,3,1,1
BRF:8
BRH:8
end_of_record
TN:
SF:src/routes/test-strip-routes.ts
FNF:0
FNH:0
DA:1,0
DA:2,0
DA:3,0
DA:4,0
DA:6,0
DA:9,0
DA:16,0
DA:19,0
DA:21,0
LF:9
LH:0
BRF:0
BRH:0
end_of_record
TN:
SF:src/utils/image-processor.ts
FN:16,(anonymous_1)
FN:62,(anonymous_2)
FN:89,(anonymous_3)
FN:128,(anonymous_4)
FN:135,(anonymous_5)
FN:146,(anonymous_6)
FN:171,(anonymous_7)
FNF:7
FNH:7
FNDA:18,(anonymous_1)
FNDA:15,(anonymous_2)
FNDA:15,(anonymous_3)
FNDA:13,(anonymous_4)
FNDA:13,(anonymous_5)
FNDA:15,(anonymous_6)
FNDA:4,(anonymous_7)
DA:1,1
DA:2,1
DA:3,1
DA:4,1
DA:5,1
DA:8,1
DA:9,1
DA:10,1
DA:11,1
DA:20,18
DA:22,18
DA:23,17
DA:24,17
DA:26,17
DA:27,2
DA:30,15
DA:31,15
DA:34,15
DA:37,15
DA:40,15
DA:42,15
DA:50,3
DA:51,3
DA:66,15
DA:67,15
DA:68,15
DA:75,15
DA:83,15
DA:92,15
DA:94,15
DA:100,15
DA:103,15
DA:105,15
DA:106,2
DA:110,13
DA:111,13
DA:112,13
DA:114,13
DA:120,0
DA:121,0
DA:129,13
DA:136,13
DA:137,13
DA:139,8
DA:140,8
DA:150,15
DA:151,0
DA:155,15
DA:157,15
DA:158,2
DA:161,13
DA:162,7
DA:165,6
DA:175,4
DA:176,4
DA:178,4
DA:179,1
DA:185,3
DA:186,1
DA:192,2
LF:60
LH:57
BRDA:26,0,0,2
BRDA:26,0,1,15
BRDA:26,1,0,17
BRDA:26,1,1,15
BRDA:105,2,0,2
BRDA:105,2,1,13
BRDA:137,3,0,5
BRDA:137,3,1,8
BRDA:150,4,0,0
BRDA:150,4,1,15
BRDA:150,5,0,15
BRDA:150,5,1,15
BRDA:155,6,0,15
BRDA:155,6,1,13
BRDA:157,7,0,2
BRDA:157,7,1,13
BRDA:158,8,0,0
BRDA:158,8,1,2
BRDA:161,9,0,7
BRDA:161,9,1,6
BRDA:161,10,0,13
BRDA:161,10,1,8
BRDA:165,11,0,2
BRDA:165,11,1,4
BRDA:178,12,0,1
BRDA:178,12,1,3
BRDA:185,13,0,1
BRDA:185,13,1,2
BRF:28
BRH:26
end_of_record
